INFO: [VRFC 10-2263] Analyzing Verilog file "C:/Users/gavwa/Desktop/Workin_Dir/Hardware/MicroBlaze/MicroBlaze.srcs/sources_1/new/CRC32.v" into library xil_defaultlib
INFO: [VRFC 10-311] analyzing module hello_world_writer
INFO: [VRFC 10-2263] Analyzing Verilog file "C:/Users/gavwa/Desktop/Workin_Dir/Hardware/MicroBlaze/MicroBlaze.ip_user_files/bd/MB/ip/MB_clk_wiz_0_0/MB_clk_wiz_0_0_clk_wiz.v" into library xil_defaultlib
INFO: [VRFC 10-311] analyzing module MB_clk_wiz_0_0_clk_wiz
INFO: [VRFC 10-2263] Analyzing Verilog file "C:/Users/gavwa/Desktop/Workin_Dir/Hardware/MicroBlaze/MicroBlaze.ip_user_files/bd/MB/ip/MB_clk_wiz_0_0/MB_clk_wiz_0_0.v" into library xil_defaultlib
INFO: [VRFC 10-311] analyzing module MB_clk_wiz_0_0
INFO: [VRFC 10-2263] Analyzing Verilog file "C:/Users/gavwa/Desktop/Workin_Dir/Hardware/MicroBlaze/MicroBlaze.ip_user_files/bd/MB/ip/MB_axi_bram_ctrl_0_bram_1/sim/MB_axi_bram_ctrl_0_bram_1.v" into library xil_defaultlib
INFO: [VRFC 10-311] analyzing module MB_axi_bram_ctrl_0_bram_1
INFO: [VRFC 10-2263] Analyzing Verilog file "C:/Users/gavwa/Desktop/Workin_Dir/Hardware/MicroBlaze/MicroBlaze.ip_user_files/bd/MB/ip/MB_lmb_bram_7/sim/MB_lmb_bram_7.v" into library xil_defaultlib
INFO: [VRFC 10-311] analyzing module MB_lmb_bram_7
INFO: [VRFC 10-2263] Analyzing Verilog file "C:/Users/gavwa/Desktop/Workin_Dir/Hardware/MicroBlaze/MicroBlaze.ip_user_files/bd/MB/ip/MB_axi_smc_2/bd_0/sim/bd_0186.v" into library xil_defaultlib
INFO: [VRFC 10-311] analyzing module bd_0186
INFO: [VRFC 10-311] analyzing module clk_map_imp_AKD2QM
INFO: [VRFC 10-311] analyzing module i_nodes_imp_1SD6M7K
INFO: [VRFC 10-311] analyzing module m00_exit_pipeline_imp_1PST29X
INFO: [VRFC 10-311] analyzing module m00_nodes_imp_13JXU5L
INFO: [VRFC 10-311] analyzing module m01_exit_pipeline_imp_1JXGW79
INFO: [VRFC 10-311] analyzing module m01_nodes_imp_5EUQOV
INFO: [VRFC 10-311] analyzing module s00_entry_pipeline_imp_PYO0XY
INFO: [VRFC 10-311] analyzing module s00_nodes_imp_K0WAN0
INFO: [VRFC 10-311] analyzing module s01_entry_pipeline_imp_1J6K8IA
INFO: [VRFC 10-311] analyzing module s01_nodes_imp_1N50BSA
INFO: [VRFC 10-311] analyzing module switchboards_imp_9Y764O
INFO: [VRFC 10-2263] Analyzing Verilog file "C:/Users/gavwa/Desktop/Workin_Dir/Hardware/MicroBlaze/MicroBlaze.ip_user_files/bd/MB/ip/MB_axi_smc_2/bd_0/ip/ip_0/sim/bd_0186_one_0.v" into library xil_defaultlib
INFO: [VRFC 10-311] analyzing module bd_0186_one_0
INFO: [VRFC 10-2263] Analyzing SystemVerilog file "C:/Users/gavwa/Desktop/Workin_Dir/Hardware/MicroBlaze/MicroBlaze.ip_user_files/bd/MB/ip/MB_axi_smc_2/bd_0/ip/ip_2/sim/bd_0186_arinsw_0.sv" into library xil_defaultlib
INFO: [VRFC 10-311] analyzing module bd_0186_arinsw_0
INFO: [VRFC 10-2263] Analyzing SystemVerilog file "C:/Users/gavwa/Desktop/Workin_Dir/Hardware/MicroBlaze/MicroBlaze.ip_user_files/bd/MB/ip/MB_axi_smc_2/bd_0/ip/ip_3/sim/bd_0186_rinsw_0.sv" into library xil_defaultlib
INFO: [VRFC 10-311] analyzing module bd_0186_rinsw_0
INFO: [VRFC 10-2263] Analyzing SystemVerilog file "C:/Users/gavwa/Desktop/Workin_Dir/Hardware/MicroBlaze/MicroBlaze.ip_user_files/bd/MB/ip/MB_axi_smc_2/bd_0/ip/ip_4/sim/bd_0186_awinsw_0.sv" into library xil_defaultlib
INFO: [VRFC 10-311] analyzing module bd_0186_awinsw_0
INFO: [VRFC 10-2263] Analyzing SystemVerilog file "C:/Users/gavwa/Desktop/Workin_Dir/Hardware/MicroBlaze/MicroBlaze.ip_user_files/bd/MB/ip/MB_axi_smc_2/bd_0/ip/ip_5/sim/bd_0186_winsw_0.sv" into library xil_defaultlib
INFO: [VRFC 10-311] analyzing module bd_0186_winsw_0
INFO: [VRFC 10-2263] Analyzing SystemVerilog file "C:/Users/gavwa/Desktop/Workin_Dir/Hardware/MicroBlaze/MicroBlaze.ip_user_files/bd/MB/ip/MB_axi_smc_2/bd_0/ip/ip_6/sim/bd_0186_binsw_0.sv" into library xil_defaultlib
INFO: [VRFC 10-311] analyzing module bd_0186_binsw_0
INFO: [VRFC 10-2263] Analyzing SystemVerilog file "C:/Users/gavwa/Desktop/Workin_Dir/Hardware/MicroBlaze/MicroBlaze.ip_user_files/bd/MB/ip/MB_axi_smc_2/bd_0/ip/ip_7/sim/bd_0186_aroutsw_0.sv" into library xil_defaultlib
INFO: [VRFC 10-311] analyzing module bd_0186_aroutsw_0
INFO: [VRFC 10-2263] Analyzing SystemVerilog file "C:/Users/gavwa/Desktop/Workin_Dir/Hardware/MicroBlaze/MicroBlaze.ip_user_files/bd/MB/ip/MB_axi_smc_2/bd_0/ip/ip_8/sim/bd_0186_routsw_0.sv" into library xil_defaultlib
INFO: [VRFC 10-311] analyzing module bd_0186_routsw_0
INFO: [VRFC 10-2263] Analyzing SystemVerilog file "C:/Users/gavwa/Desktop/Workin_Dir/Hardware/MicroBlaze/MicroBlaze.ip_user_files/bd/MB/ip/MB_axi_smc_2/bd_0/ip/ip_9/sim/bd_0186_awoutsw_0.sv" into library xil_defaultlib
INFO: [VRFC 10-311] analyzing module bd_0186_awoutsw_0
INFO: [VRFC 10-2263] Analyzing SystemVerilog file "C:/Users/gavwa/Desktop/Workin_Dir/Hardware/MicroBlaze/MicroBlaze.ip_user_files/bd/MB/ip/MB_axi_smc_2/bd_0/ip/ip_10/sim/bd_0186_woutsw_0.sv" into library xil_defaultlib
INFO: [VRFC 10-311] analyzing module bd_0186_woutsw_0
INFO: [VRFC 10-2263] Analyzing SystemVerilog file "C:/Users/gavwa/Desktop/Workin_Dir/Hardware/MicroBlaze/MicroBlaze.ip_user_files/bd/MB/ip/MB_axi_smc_2/bd_0/ip/ip_11/sim/bd_0186_boutsw_0.sv" into library xil_defaultlib
INFO: [VRFC 10-311] analyzing module bd_0186_boutsw_0
INFO: [VRFC 10-2263] Analyzing SystemVerilog file "C:/Users/gavwa/Desktop/Workin_Dir/Hardware/MicroBlaze/MicroBlaze.ip_user_files/bd/MB/ip/MB_axi_smc_2/bd_0/ip/ip_12/sim/bd_0186_arni_0.sv" into library xil_defaultlib
INFO: [VRFC 10-311] analyzing module bd_0186_arni_0
INFO: [VRFC 10-2263] Analyzing SystemVerilog file "C:/Users/gavwa/Desktop/Workin_Dir/Hardware/MicroBlaze/MicroBlaze.ip_user_files/bd/MB/ip/MB_axi_smc_2/bd_0/ip/ip_13/sim/bd_0186_rni_0.sv" into library xil_defaultlib
INFO: [VRFC 10-311] analyzing module bd_0186_rni_0
INFO: [VRFC 10-2263] Analyzing SystemVerilog file "C:/Users/gavwa/Desktop/Workin_Dir/Hardware/MicroBlaze/MicroBlaze.ip_user_files/bd/MB/ip/MB_axi_smc_2/bd_0/ip/ip_14/sim/bd_0186_awni_0.sv" into library xil_defaultlib
INFO: [VRFC 10-311] analyzing module bd_0186_awni_0
INFO: [VRFC 10-2263] Analyzing SystemVerilog file "C:/Users/gavwa/Desktop/Workin_Dir/Hardware/MicroBlaze/MicroBlaze.ip_user_files/bd/MB/ip/MB_axi_smc_2/bd_0/ip/ip_15/sim/bd_0186_wni_0.sv" into library xil_defaultlib
INFO: [VRFC 10-311] analyzing module bd_0186_wni_0
INFO: [VRFC 10-2263] Analyzing SystemVerilog file "C:/Users/gavwa/Desktop/Workin_Dir/Hardware/MicroBlaze/MicroBlaze.ip_user_files/bd/MB/ip/MB_axi_smc_2/bd_0/ip/ip_16/sim/bd_0186_bni_0.sv" into library xil_defaultlib
INFO: [VRFC 10-311] analyzing module bd_0186_bni_0
INFO: [VRFC 10-2263] Analyzing SystemVerilog file "C:/Users/gavwa/Desktop/Workin_Dir/Hardware/MicroBlaze/MicroBlaze.ip_user_files/bd/MB/ip/MB_axi_smc_2/bd_0/ip/ip_17/sim/bd_0186_s00mmu_0.sv" into library xil_defaultlib
INFO: [VRFC 10-311] analyzing module bd_0186_s00mmu_0
INFO: [VRFC 10-2263] Analyzing SystemVerilog file "C:/Users/gavwa/Desktop/Workin_Dir/Hardware/MicroBlaze/MicroBlaze.ip_user_files/bd/MB/ip/MB_axi_smc_2/bd_0/ip/ip_18/sim/bd_0186_s00tr_0.sv" into library xil_defaultlib
INFO: [VRFC 10-311] analyzing module bd_0186_s00tr_0
INFO: [VRFC 10-2263] Analyzing SystemVerilog file "C:/Users/gavwa/Desktop/Workin_Dir/Hardware/MicroBlaze/MicroBlaze.ip_user_files/bd/MB/ip/MB_axi_smc_2/bd_0/ip/ip_19/sim/bd_0186_s00sic_0.sv" into library xil_defaultlib
INFO: [VRFC 10-311] analyzing module bd_0186_s00sic_0
INFO: [VRFC 10-2263] Analyzing SystemVerilog file "C:/Users/gavwa/Desktop/Workin_Dir/Hardware/MicroBlaze/MicroBlaze.ip_user_files/bd/MB/ip/MB_axi_smc_2/bd_0/ip/ip_20/sim/bd_0186_s00a2s_0.sv" into library xil_defaultlib
INFO: [VRFC 10-311] analyzing module bd_0186_s00a2s_0
INFO: [VRFC 10-2263] Analyzing SystemVerilog file "C:/Users/gavwa/Desktop/Workin_Dir/Hardware/MicroBlaze/MicroBlaze.ip_user_files/bd/MB/ip/MB_axi_smc_2/bd_0/ip/ip_21/sim/bd_0186_sarn_0.sv" into library xil_defaultlib
INFO: [VRFC 10-311] analyzing module bd_0186_sarn_0
INFO: [VRFC 10-2263] Analyzing SystemVerilog file "C:/Users/gavwa/Desktop/Workin_Dir/Hardware/MicroBlaze/MicroBlaze.ip_user_files/bd/MB/ip/MB_axi_smc_2/bd_0/ip/ip_22/sim/bd_0186_srn_0.sv" into library xil_defaultlib
INFO: [VRFC 10-311] analyzing module bd_0186_srn_0
INFO: [VRFC 10-2263] Analyzing SystemVerilog file "C:/Users/gavwa/Desktop/Workin_Dir/Hardware/MicroBlaze/MicroBlaze.ip_user_files/bd/MB/ip/MB_axi_smc_2/bd_0/ip/ip_23/sim/bd_0186_sawn_0.sv" into library xil_defaultlib
INFO: [VRFC 10-311] analyzing module bd_0186_sawn_0
INFO: [VRFC 10-2263] Analyzing SystemVerilog file "C:/Users/gavwa/Desktop/Workin_Dir/Hardware/MicroBlaze/MicroBlaze.ip_user_files/bd/MB/ip/MB_axi_smc_2/bd_0/ip/ip_24/sim/bd_0186_swn_0.sv" into library xil_defaultlib
INFO: [VRFC 10-311] analyzing module bd_0186_swn_0
INFO: [VRFC 10-2263] Analyzing SystemVerilog file "C:/Users/gavwa/Desktop/Workin_Dir/Hardware/MicroBlaze/MicroBlaze.ip_user_files/bd/MB/ip/MB_axi_smc_2/bd_0/ip/ip_25/sim/bd_0186_sbn_0.sv" into library xil_defaultlib
INFO: [VRFC 10-311] analyzing module bd_0186_sbn_0
INFO: [VRFC 10-2263] Analyzing SystemVerilog file "C:/Users/gavwa/Desktop/Workin_Dir/Hardware/MicroBlaze/MicroBlaze.ip_user_files/bd/MB/ip/MB_axi_smc_2/bd_0/ip/ip_26/sim/bd_0186_s01mmu_0.sv" into library xil_defaultlib
INFO: [VRFC 10-311] analyzing module bd_0186_s01mmu_0
INFO: [VRFC 10-2263] Analyzing SystemVerilog file "C:/Users/gavwa/Desktop/Workin_Dir/Hardware/MicroBlaze/MicroBlaze.ip_user_files/bd/MB/ip/MB_axi_smc_2/bd_0/ip/ip_27/sim/bd_0186_s01tr_0.sv" into library xil_defaultlib
INFO: [VRFC 10-311] analyzing module bd_0186_s01tr_0
INFO: [VRFC 10-2263] Analyzing SystemVerilog file "C:/Users/gavwa/Desktop/Workin_Dir/Hardware/MicroBlaze/MicroBlaze.ip_user_files/bd/MB/ip/MB_axi_smc_2/bd_0/ip/ip_28/sim/bd_0186_s01sic_0.sv" into library xil_defaultlib
INFO: [VRFC 10-311] analyzing module bd_0186_s01sic_0
INFO: [VRFC 10-2263] Analyzing SystemVerilog file "C:/Users/gavwa/Desktop/Workin_Dir/Hardware/MicroBlaze/MicroBlaze.ip_user_files/bd/MB/ip/MB_axi_smc_2/bd_0/ip/ip_29/sim/bd_0186_s01a2s_0.sv" into library xil_defaultlib
INFO: [VRFC 10-311] analyzing module bd_0186_s01a2s_0
INFO: [VRFC 10-2263] Analyzing SystemVerilog file "C:/Users/gavwa/Desktop/Workin_Dir/Hardware/MicroBlaze/MicroBlaze.ip_user_files/bd/MB/ip/MB_axi_smc_2/bd_0/ip/ip_30/sim/bd_0186_sawn_1.sv" into library xil_defaultlib
INFO: [VRFC 10-311] analyzing module bd_0186_sawn_1
INFO: [VRFC 10-2263] Analyzing SystemVerilog file "C:/Users/gavwa/Desktop/Workin_Dir/Hardware/MicroBlaze/MicroBlaze.ip_user_files/bd/MB/ip/MB_axi_smc_2/bd_0/ip/ip_31/sim/bd_0186_swn_1.sv" into library xil_defaultlib
INFO: [VRFC 10-311] analyzing module bd_0186_swn_1
INFO: [VRFC 10-2263] Analyzing SystemVerilog file "C:/Users/gavwa/Desktop/Workin_Dir/Hardware/MicroBlaze/MicroBlaze.ip_user_files/bd/MB/ip/MB_axi_smc_2/bd_0/ip/ip_32/sim/bd_0186_sbn_1.sv" into library xil_defaultlib
INFO: [VRFC 10-311] analyzing module bd_0186_sbn_1
INFO: [VRFC 10-2263] Analyzing SystemVerilog file "C:/Users/gavwa/Desktop/Workin_Dir/Hardware/MicroBlaze/MicroBlaze.ip_user_files/bd/MB/ip/MB_axi_smc_2/bd_0/ip/ip_33/sim/bd_0186_m00s2a_0.sv" into library xil_defaultlib
INFO: [VRFC 10-311] analyzing module bd_0186_m00s2a_0
INFO: [VRFC 10-2263] Analyzing SystemVerilog file "C:/Users/gavwa/Desktop/Workin_Dir/Hardware/MicroBlaze/MicroBlaze.ip_user_files/bd/MB/ip/MB_axi_smc_2/bd_0/ip/ip_34/sim/bd_0186_m00arn_0.sv" into library xil_defaultlib
INFO: [VRFC 10-311] analyzing module bd_0186_m00arn_0
INFO: [VRFC 10-2263] Analyzing SystemVerilog file "C:/Users/gavwa/Desktop/Workin_Dir/Hardware/MicroBlaze/MicroBlaze.ip_user_files/bd/MB/ip/MB_axi_smc_2/bd_0/ip/ip_35/sim/bd_0186_m00rn_0.sv" into library xil_defaultlib
INFO: [VRFC 10-311] analyzing module bd_0186_m00rn_0
INFO: [VRFC 10-2263] Analyzing SystemVerilog file "C:/Users/gavwa/Desktop/Workin_Dir/Hardware/MicroBlaze/MicroBlaze.ip_user_files/bd/MB/ip/MB_axi_smc_2/bd_0/ip/ip_36/sim/bd_0186_m00awn_0.sv" into library xil_defaultlib
INFO: [VRFC 10-311] analyzing module bd_0186_m00awn_0
INFO: [VRFC 10-2263] Analyzing SystemVerilog file "C:/Users/gavwa/Desktop/Workin_Dir/Hardware/MicroBlaze/MicroBlaze.ip_user_files/bd/MB/ip/MB_axi_smc_2/bd_0/ip/ip_37/sim/bd_0186_m00wn_0.sv" into library xil_defaultlib
INFO: [VRFC 10-311] analyzing module bd_0186_m00wn_0
INFO: [VRFC 10-2263] Analyzing SystemVerilog file "C:/Users/gavwa/Desktop/Workin_Dir/Hardware/MicroBlaze/MicroBlaze.ip_user_files/bd/MB/ip/MB_axi_smc_2/bd_0/ip/ip_38/sim/bd_0186_m00bn_0.sv" into library xil_defaultlib
INFO: [VRFC 10-311] analyzing module bd_0186_m00bn_0
INFO: [VRFC 10-2263] Analyzing SystemVerilog file "C:/Users/gavwa/Desktop/Workin_Dir/Hardware/MicroBlaze/MicroBlaze.ip_user_files/bd/MB/ip/MB_axi_smc_2/bd_0/ip/ip_39/sim/bd_0186_m00e_0.sv" into library xil_defaultlib
INFO: [VRFC 10-311] analyzing module bd_0186_m00e_0
INFO: [VRFC 10-2263] Analyzing SystemVerilog file "C:/Users/gavwa/Desktop/Workin_Dir/Hardware/MicroBlaze/MicroBlaze.ip_user_files/bd/MB/ip/MB_axi_smc_2/bd_0/ip/ip_40/sim/bd_0186_m01s2a_0.sv" into library xil_defaultlib
INFO: [VRFC 10-311] analyzing module bd_0186_m01s2a_0
INFO: [VRFC 10-2263] Analyzing SystemVerilog file "C:/Users/gavwa/Desktop/Workin_Dir/Hardware/MicroBlaze/MicroBlaze.ip_user_files/bd/MB/ip/MB_axi_smc_2/bd_0/ip/ip_41/sim/bd_0186_m01arn_0.sv" into library xil_defaultlib
INFO: [VRFC 10-311] analyzing module bd_0186_m01arn_0
INFO: [VRFC 10-2263] Analyzing SystemVerilog file "C:/Users/gavwa/Desktop/Workin_Dir/Hardware/MicroBlaze/MicroBlaze.ip_user_files/bd/MB/ip/MB_axi_smc_2/bd_0/ip/ip_42/sim/bd_0186_m01rn_0.sv" into library xil_defaultlib
INFO: [VRFC 10-311] analyzing module bd_0186_m01rn_0
INFO: [VRFC 10-2263] Analyzing SystemVerilog file "C:/Users/gavwa/Desktop/Workin_Dir/Hardware/MicroBlaze/MicroBlaze.ip_user_files/bd/MB/ip/MB_axi_smc_2/bd_0/ip/ip_43/sim/bd_0186_m01awn_0.sv" into library xil_defaultlib
INFO: [VRFC 10-311] analyzing module bd_0186_m01awn_0
INFO: [VRFC 10-2263] Analyzing SystemVerilog file "C:/Users/gavwa/Desktop/Workin_Dir/Hardware/MicroBlaze/MicroBlaze.ip_user_files/bd/MB/ip/MB_axi_smc_2/bd_0/ip/ip_44/sim/bd_0186_m01wn_0.sv" into library xil_defaultlib
INFO: [VRFC 10-311] analyzing module bd_0186_m01wn_0
INFO: [VRFC 10-2263] Analyzing SystemVerilog file "C:/Users/gavwa/Desktop/Workin_Dir/Hardware/MicroBlaze/MicroBlaze.ip_user_files/bd/MB/ip/MB_axi_smc_2/bd_0/ip/ip_45/sim/bd_0186_m01bn_0.sv" into library xil_defaultlib
INFO: [VRFC 10-311] analyzing module bd_0186_m01bn_0
INFO: [VRFC 10-2263] Analyzing SystemVerilog file "C:/Users/gavwa/Desktop/Workin_Dir/Hardware/MicroBlaze/MicroBlaze.ip_user_files/bd/MB/ip/MB_axi_smc_2/bd_0/ip/ip_46/sim/bd_0186_m01e_0.sv" into library xil_defaultlib
INFO: [VRFC 10-311] analyzing module bd_0186_m01e_0
INFO: [VRFC 10-2263] Analyzing Verilog file "C:/Users/gavwa/Desktop/Workin_Dir/Hardware/MicroBlaze/MicroBlaze.ip_user_files/bd/MB/ip/MB_axi_smc_2/sim/MB_axi_smc_2.v" into library xil_defaultlib
INFO: [VRFC 10-311] analyzing module MB_axi_smc_2
INFO: [VRFC 10-2263] Analyzing Verilog file "C:/Users/gavwa/Desktop/Workin_Dir/Hardware/MicroBlaze/MicroBlaze.ip_user_files/bd/MB/ip/MB_hello_world_writer_0_4/sim/MB_hello_world_writer_0_4.v" into library xil_defaultlib
INFO: [VRFC 10-311] analyzing module MB_hello_world_writer_0_4
INFO: [VRFC 10-2263] Analyzing Verilog file "C:/Users/gavwa/Desktop/Workin_Dir/Hardware/MicroBlaze/MicroBlaze.ip_user_files/bd/MB/sim/MB.v" into library xil_defaultlib
INFO: [VRFC 10-311] analyzing module MB
INFO: [VRFC 10-311] analyzing module microblaze_0_local_memory_imp_BO03LH
INFO: [VRFC 10-2263] Analyzing Verilog file "C:/Users/gavwa/Desktop/Workin_Dir/Hardware/MicroBlaze/MicroBlaze.gen/sources_1/bd/MB/hdl/MB_wrapper.v" into library xil_defaultlib
INFO: [VRFC 10-311] analyzing module MB_wrapper
INFO: [VRFC 10-2263] Analyzing Verilog file "C:/Users/gavwa/Desktop/Workin_Dir/Hardware/MicroBlaze/MicroBlaze.sim/sim_1/behav/xsim/glbl.v" into library xil_defaultlib
INFO: [VRFC 10-311] analyzing module glbl
