18:47:25 DEBUG : Logs will be stored at 'C:/Users/gavwa/Desktop/Project/IDE.log'.
18:47:30 INFO  : Launching XSCT server: xsct.bat -n  -interactive C:\Users\gavwa\Desktop\Project\temp_xsdb_launch_script.tcl
18:47:30 INFO  : Platform repository initialization has completed.
18:47:30 INFO  : Registering command handlers for Vitis TCF services
18:47:30 ERROR : (XSDB Server)'\gnu\microblaze\lin\bin\' is not recognized as an internal or external command,
operable program or batch file.

18:47:30 ERROR : (XSDB Server)'\gnu\microblaze\nt\bin\' is not recognized as an internal or external command,
operable program or batch file.

18:47:30 ERROR : (XSDB Server)'\gnuwin\bin\' is not recognized as an internal or external command,
operable program or batch file.

18:47:33 INFO  : XSCT server has started successfully.
18:47:33 INFO  : Successfully done setting XSCT server connection channel  
18:47:33 INFO  : plnx-install-location is set to ''
18:47:34 INFO  : Successfully done setting workspace for the tool. 
18:47:34 INFO  : Successfully done query RDI_DATADIR 
18:48:36 INFO  : Result from executing command 'getProjects': MB_wrapper
18:48:36 INFO  : Result from executing command 'getPlatforms': 
18:48:36 WARN  : An unexpected exception occurred in the module 'platform project logging'
18:48:36 INFO  : Platform 'MB_wrapper' is added to custom repositories.
18:48:38 INFO  : Platform 'MB_wrapper' is added to custom repositories.
18:48:51 INFO  : Result from executing command 'getProjects': MB_wrapper
18:48:51 INFO  : Result from executing command 'getPlatforms': MB_wrapper|C:/Users/gavwa/Desktop/Project/MB_wrapper/export/MB_wrapper/MB_wrapper.xpfm
18:48:51 INFO  : Checking for BSP changes to sync application flags for project 'Mb_tst'...
18:49:06 INFO  : Connected to target on host '127.0.0.1' and port '3121'.
18:49:07 INFO  : Jtag cable 'Digilent Basys3 210183794896A' is selected.
18:49:07 INFO  : 'jtag frequency' command is executed.
18:49:07 INFO  : 'targets -set -filter {jtag_cable_name =~ "Digilent Basys3 210183794896A" && level==0 && jtag_device_ctx=="jsn-Basys3-210183794896A-0362d093-0"}' command is executed.
18:49:08 INFO  : Device configured successfully with "C:/Users/gavwa/Desktop/Project/Mb_tst/_ide/bitstream/MB_wrapper.bit"
18:49:08 INFO  : Context for processor 'microblaze_0' is selected.
18:49:08 INFO  : Hardware design and registers information is loaded from 'C:/Users/gavwa/Desktop/Project/MB_wrapper/export/MB_wrapper/hw/MB_wrapper.xsa'.
18:49:08 INFO  : 'configparams mdm-detect-bscan-mask 2' command is executed.
18:49:08 INFO  : Context for processor 'microblaze_0' is selected.
18:49:08 INFO  : System reset is completed.
18:49:11 INFO  : 'after 3000' command is executed.
18:49:11 INFO  : Context for processor 'microblaze_0' is selected.
18:49:11 INFO  : The application 'C:/Users/gavwa/Desktop/Project/Mb_tst/Debug/Mb_tst.elf' is downloaded to processor 'microblaze_0'.
18:49:11 INFO  : ----------------XSDB Script----------------
connect -url tcp:127.0.0.1:3121
targets -set -filter {jtag_cable_name =~ "Digilent Basys3 210183794896A" && level==0 && jtag_device_ctx=="jsn-Basys3-210183794896A-0362d093-0"}
fpga -file C:/Users/gavwa/Desktop/Project/Mb_tst/_ide/bitstream/MB_wrapper.bit
targets -set -nocase -filter {name =~ "*microblaze*#0" && bscan=="USER2" }
loadhw -hw C:/Users/gavwa/Desktop/Project/MB_wrapper/export/MB_wrapper/hw/MB_wrapper.xsa -regs
configparams mdm-detect-bscan-mask 2
targets -set -nocase -filter {name =~ "*microblaze*#0" && bscan=="USER2" }
rst -system
after 3000
targets -set -nocase -filter {name =~ "*microblaze*#0" && bscan=="USER2" }
dow C:/Users/gavwa/Desktop/Project/Mb_tst/Debug/Mb_tst.elf
----------------End of Script----------------

18:49:11 INFO  : Context for processor 'microblaze_0' is selected.
18:49:11 INFO  : 'con' command is executed.
18:49:11 INFO  : ----------------XSDB Script (After Launch)----------------
targets -set -nocase -filter {name =~ "*microblaze*#0" && bscan=="USER2" }
con
----------------End of Script----------------

18:49:11 INFO  : Launch script is exported to file 'C:\Users\gavwa\Desktop\Project\Mb_tst_system\_ide\scripts\debugger_mb_tst-default.tcl'
18:50:53 INFO  : Checking for BSP changes to sync application flags for project 'Mb_tst'...
18:50:59 INFO  : Checking for BSP changes to sync application flags for project 'Mb_tst'...
18:51:08 INFO  : Disconnected from the channel tcfchan#2.
18:51:09 INFO  : Connected to target on host '127.0.0.1' and port '3121'.
18:51:09 INFO  : Jtag cable 'Digilent Basys3 210183794896A' is selected.
18:51:09 INFO  : 'jtag frequency' command is executed.
18:51:09 INFO  : 'targets -set -filter {jtag_cable_name =~ "Digilent Basys3 210183794896A" && level==0 && jtag_device_ctx=="jsn-Basys3-210183794896A-0362d093-0"}' command is executed.
18:51:10 INFO  : Device configured successfully with "C:/Users/gavwa/Desktop/Project/Mb_tst/_ide/bitstream/MB_wrapper.bit"
18:51:10 INFO  : Context for processor 'microblaze_0' is selected.
18:51:10 INFO  : Hardware design and registers information is loaded from 'C:/Users/gavwa/Desktop/Project/MB_wrapper/export/MB_wrapper/hw/MB_wrapper.xsa'.
18:51:10 INFO  : 'configparams mdm-detect-bscan-mask 2' command is executed.
18:51:10 INFO  : Context for processor 'microblaze_0' is selected.
18:51:10 INFO  : System reset is completed.
18:51:13 INFO  : 'after 3000' command is executed.
18:51:13 INFO  : Context for processor 'microblaze_0' is selected.
18:51:13 INFO  : The application 'C:/Users/gavwa/Desktop/Project/Mb_tst/Debug/Mb_tst.elf' is downloaded to processor 'microblaze_0'.
18:51:13 INFO  : ----------------XSDB Script----------------
connect -url tcp:127.0.0.1:3121
targets -set -filter {jtag_cable_name =~ "Digilent Basys3 210183794896A" && level==0 && jtag_device_ctx=="jsn-Basys3-210183794896A-0362d093-0"}
fpga -file C:/Users/gavwa/Desktop/Project/Mb_tst/_ide/bitstream/MB_wrapper.bit
targets -set -nocase -filter {name =~ "*microblaze*#0" && bscan=="USER2" }
loadhw -hw C:/Users/gavwa/Desktop/Project/MB_wrapper/export/MB_wrapper/hw/MB_wrapper.xsa -regs
configparams mdm-detect-bscan-mask 2
targets -set -nocase -filter {name =~ "*microblaze*#0" && bscan=="USER2" }
rst -system
after 3000
targets -set -nocase -filter {name =~ "*microblaze*#0" && bscan=="USER2" }
dow C:/Users/gavwa/Desktop/Project/Mb_tst/Debug/Mb_tst.elf
----------------End of Script----------------

18:51:13 INFO  : Context for processor 'microblaze_0' is selected.
18:51:14 INFO  : 'con' command is executed.
18:51:14 INFO  : ----------------XSDB Script (After Launch)----------------
targets -set -nocase -filter {name =~ "*microblaze*#0" && bscan=="USER2" }
con
----------------End of Script----------------

18:51:14 INFO  : Launch script is exported to file 'C:\Users\gavwa\Desktop\Project\Mb_tst_system\_ide\scripts\debugger_mb_tst-default.tcl'
18:53:07 INFO  : Disconnected from the channel tcfchan#3.
18:53:08 INFO  : Connected to target on host '127.0.0.1' and port '3121'.
18:53:08 INFO  : Jtag cable 'Digilent Basys3 210183794896A' is selected.
18:53:08 INFO  : 'jtag frequency' command is executed.
18:53:08 INFO  : 'targets -set -filter {jtag_cable_name =~ "Digilent Basys3 210183794896A" && level==0 && jtag_device_ctx=="jsn-Basys3-210183794896A-0362d093-0"}' command is executed.
18:53:09 INFO  : Device configured successfully with "C:/Users/gavwa/Desktop/Project/Mb_tst/_ide/bitstream/MB_wrapper.bit"
18:53:09 INFO  : Context for processor 'microblaze_0' is selected.
18:53:09 INFO  : Hardware design and registers information is loaded from 'C:/Users/gavwa/Desktop/Project/MB_wrapper/export/MB_wrapper/hw/MB_wrapper.xsa'.
18:53:09 INFO  : 'configparams mdm-detect-bscan-mask 2' command is executed.
18:53:10 INFO  : Context for processor 'microblaze_0' is selected.
18:53:10 INFO  : System reset is completed.
18:53:13 INFO  : 'after 3000' command is executed.
18:53:13 INFO  : Context for processor 'microblaze_0' is selected.
18:53:13 INFO  : The application 'C:/Users/gavwa/Desktop/Project/Mb_tst/Debug/Mb_tst.elf' is downloaded to processor 'microblaze_0'.
18:53:13 INFO  : ----------------XSDB Script----------------
connect -url tcp:127.0.0.1:3121
targets -set -filter {jtag_cable_name =~ "Digilent Basys3 210183794896A" && level==0 && jtag_device_ctx=="jsn-Basys3-210183794896A-0362d093-0"}
fpga -file C:/Users/gavwa/Desktop/Project/Mb_tst/_ide/bitstream/MB_wrapper.bit
targets -set -nocase -filter {name =~ "*microblaze*#0" && bscan=="USER2" }
loadhw -hw C:/Users/gavwa/Desktop/Project/MB_wrapper/export/MB_wrapper/hw/MB_wrapper.xsa -regs
configparams mdm-detect-bscan-mask 2
targets -set -nocase -filter {name =~ "*microblaze*#0" && bscan=="USER2" }
rst -system
after 3000
targets -set -nocase -filter {name =~ "*microblaze*#0" && bscan=="USER2" }
dow C:/Users/gavwa/Desktop/Project/Mb_tst/Debug/Mb_tst.elf
----------------End of Script----------------

18:53:13 INFO  : Context for processor 'microblaze_0' is selected.
18:53:13 INFO  : 'con' command is executed.
18:53:13 INFO  : ----------------XSDB Script (After Launch)----------------
targets -set -nocase -filter {name =~ "*microblaze*#0" && bscan=="USER2" }
con
----------------End of Script----------------

18:53:13 INFO  : Launch script is exported to file 'C:\Users\gavwa\Desktop\Project\Mb_tst_system\_ide\scripts\debugger_mb_tst-default.tcl'
18:54:58 INFO  : Disconnected from the channel tcfchan#4.
18:54:59 INFO  : Connected to target on host '127.0.0.1' and port '3121'.
18:54:59 INFO  : Jtag cable 'Digilent Basys3 210183794896A' is selected.
18:54:59 INFO  : 'jtag frequency' command is executed.
18:54:59 INFO  : 'targets -set -filter {jtag_cable_name =~ "Digilent Basys3 210183794896A" && level==0 && jtag_device_ctx=="jsn-Basys3-210183794896A-0362d093-0"}' command is executed.
18:55:00 INFO  : Device configured successfully with "C:/Users/gavwa/Desktop/Project/Mb_tst/_ide/bitstream/MB_wrapper.bit"
18:55:00 INFO  : Context for processor 'microblaze_0' is selected.
18:55:00 INFO  : Hardware design and registers information is loaded from 'C:/Users/gavwa/Desktop/Project/MB_wrapper/export/MB_wrapper/hw/MB_wrapper.xsa'.
18:55:00 INFO  : 'configparams mdm-detect-bscan-mask 2' command is executed.
18:55:01 INFO  : Context for processor 'microblaze_0' is selected.
18:55:01 INFO  : System reset is completed.
18:55:04 INFO  : 'after 3000' command is executed.
18:55:04 INFO  : Context for processor 'microblaze_0' is selected.
18:55:04 INFO  : The application 'C:/Users/gavwa/Desktop/Project/Mb_tst/Debug/Mb_tst.elf' is downloaded to processor 'microblaze_0'.
18:55:04 INFO  : ----------------XSDB Script----------------
connect -url tcp:127.0.0.1:3121
targets -set -filter {jtag_cable_name =~ "Digilent Basys3 210183794896A" && level==0 && jtag_device_ctx=="jsn-Basys3-210183794896A-0362d093-0"}
fpga -file C:/Users/gavwa/Desktop/Project/Mb_tst/_ide/bitstream/MB_wrapper.bit
targets -set -nocase -filter {name =~ "*microblaze*#0" && bscan=="USER2" }
loadhw -hw C:/Users/gavwa/Desktop/Project/MB_wrapper/export/MB_wrapper/hw/MB_wrapper.xsa -regs
configparams mdm-detect-bscan-mask 2
targets -set -nocase -filter {name =~ "*microblaze*#0" && bscan=="USER2" }
rst -system
after 3000
targets -set -nocase -filter {name =~ "*microblaze*#0" && bscan=="USER2" }
dow C:/Users/gavwa/Desktop/Project/Mb_tst/Debug/Mb_tst.elf
----------------End of Script----------------

18:55:04 INFO  : Context for processor 'microblaze_0' is selected.
18:55:04 INFO  : 'con' command is executed.
18:55:04 INFO  : ----------------XSDB Script (After Launch)----------------
targets -set -nocase -filter {name =~ "*microblaze*#0" && bscan=="USER2" }
con
----------------End of Script----------------

18:55:04 INFO  : Launch script is exported to file 'C:\Users\gavwa\Desktop\Project\Mb_tst_system\_ide\scripts\debugger_mb_tst-default.tcl'
18:58:25 INFO  : Disconnected from the channel tcfchan#5.
18:58:26 INFO  : Connected to target on host '127.0.0.1' and port '3121'.
18:58:26 INFO  : Jtag cable 'Digilent Basys3 210183794896A' is selected.
18:58:26 INFO  : 'jtag frequency' command is executed.
18:58:26 INFO  : 'targets -set -filter {jtag_cable_name =~ "Digilent Basys3 210183794896A" && level==0 && jtag_device_ctx=="jsn-Basys3-210183794896A-0362d093-0"}' command is executed.
18:58:28 INFO  : Device configured successfully with "C:/Users/gavwa/Desktop/Project/Mb_tst/_ide/bitstream/MB_wrapper.bit"
18:58:28 INFO  : Context for processor 'microblaze_0' is selected.
18:58:28 INFO  : Hardware design and registers information is loaded from 'C:/Users/gavwa/Desktop/Project/MB_wrapper/export/MB_wrapper/hw/MB_wrapper.xsa'.
18:58:28 INFO  : 'configparams mdm-detect-bscan-mask 2' command is executed.
18:58:28 INFO  : Context for processor 'microblaze_0' is selected.
18:58:28 INFO  : System reset is completed.
18:58:31 INFO  : 'after 3000' command is executed.
18:58:31 INFO  : Context for processor 'microblaze_0' is selected.
18:58:31 INFO  : The application 'C:/Users/gavwa/Desktop/Project/Mb_tst/Debug/Mb_tst.elf' is downloaded to processor 'microblaze_0'.
18:58:31 INFO  : ----------------XSDB Script----------------
connect -url tcp:127.0.0.1:3121
targets -set -filter {jtag_cable_name =~ "Digilent Basys3 210183794896A" && level==0 && jtag_device_ctx=="jsn-Basys3-210183794896A-0362d093-0"}
fpga -file C:/Users/gavwa/Desktop/Project/Mb_tst/_ide/bitstream/MB_wrapper.bit
targets -set -nocase -filter {name =~ "*microblaze*#0" && bscan=="USER2" }
loadhw -hw C:/Users/gavwa/Desktop/Project/MB_wrapper/export/MB_wrapper/hw/MB_wrapper.xsa -regs
configparams mdm-detect-bscan-mask 2
targets -set -nocase -filter {name =~ "*microblaze*#0" && bscan=="USER2" }
rst -system
after 3000
targets -set -nocase -filter {name =~ "*microblaze*#0" && bscan=="USER2" }
dow C:/Users/gavwa/Desktop/Project/Mb_tst/Debug/Mb_tst.elf
----------------End of Script----------------

18:58:31 INFO  : Context for processor 'microblaze_0' is selected.
18:58:31 INFO  : 'con' command is executed.
18:58:31 INFO  : ----------------XSDB Script (After Launch)----------------
targets -set -nocase -filter {name =~ "*microblaze*#0" && bscan=="USER2" }
con
----------------End of Script----------------

18:58:31 INFO  : Launch script is exported to file 'C:\Users\gavwa\Desktop\Project\Mb_tst_system\_ide\scripts\debugger_mb_tst-default.tcl'
18:58:49 INFO  : Checking for BSP changes to sync application flags for project 'Mb_tst'...
18:58:54 INFO  : Disconnected from the channel tcfchan#6.
18:58:55 INFO  : Connected to target on host '127.0.0.1' and port '3121'.
18:58:55 INFO  : Jtag cable 'Digilent Basys3 210183794896A' is selected.
18:58:55 INFO  : 'jtag frequency' command is executed.
18:58:55 INFO  : 'targets -set -filter {jtag_cable_name =~ "Digilent Basys3 210183794896A" && level==0 && jtag_device_ctx=="jsn-Basys3-210183794896A-0362d093-0"}' command is executed.
18:58:56 INFO  : Device configured successfully with "C:/Users/gavwa/Desktop/Project/Mb_tst/_ide/bitstream/MB_wrapper.bit"
18:58:56 INFO  : Context for processor 'microblaze_0' is selected.
18:58:56 INFO  : Hardware design and registers information is loaded from 'C:/Users/gavwa/Desktop/Project/MB_wrapper/export/MB_wrapper/hw/MB_wrapper.xsa'.
18:58:56 INFO  : 'configparams mdm-detect-bscan-mask 2' command is executed.
18:58:56 INFO  : Context for processor 'microblaze_0' is selected.
18:58:57 INFO  : System reset is completed.
18:59:00 INFO  : 'after 3000' command is executed.
18:59:00 INFO  : Context for processor 'microblaze_0' is selected.
18:59:00 INFO  : The application 'C:/Users/gavwa/Desktop/Project/Mb_tst/Debug/Mb_tst.elf' is downloaded to processor 'microblaze_0'.
18:59:00 INFO  : ----------------XSDB Script----------------
connect -url tcp:127.0.0.1:3121
targets -set -filter {jtag_cable_name =~ "Digilent Basys3 210183794896A" && level==0 && jtag_device_ctx=="jsn-Basys3-210183794896A-0362d093-0"}
fpga -file C:/Users/gavwa/Desktop/Project/Mb_tst/_ide/bitstream/MB_wrapper.bit
targets -set -nocase -filter {name =~ "*microblaze*#0" && bscan=="USER2" }
loadhw -hw C:/Users/gavwa/Desktop/Project/MB_wrapper/export/MB_wrapper/hw/MB_wrapper.xsa -regs
configparams mdm-detect-bscan-mask 2
targets -set -nocase -filter {name =~ "*microblaze*#0" && bscan=="USER2" }
rst -system
after 3000
targets -set -nocase -filter {name =~ "*microblaze*#0" && bscan=="USER2" }
dow C:/Users/gavwa/Desktop/Project/Mb_tst/Debug/Mb_tst.elf
----------------End of Script----------------

18:59:00 INFO  : Context for processor 'microblaze_0' is selected.
18:59:00 INFO  : 'con' command is executed.
18:59:00 INFO  : ----------------XSDB Script (After Launch)----------------
targets -set -nocase -filter {name =~ "*microblaze*#0" && bscan=="USER2" }
con
----------------End of Script----------------

18:59:00 INFO  : Launch script is exported to file 'C:\Users\gavwa\Desktop\Project\Mb_tst_system\_ide\scripts\debugger_mb_tst-default.tcl'
19:03:35 INFO  : Checking for BSP changes to sync application flags for project 'Mb_tst'...
19:03:42 INFO  : Disconnected from the channel tcfchan#7.
19:03:43 INFO  : Connected to target on host '127.0.0.1' and port '3121'.
19:03:43 INFO  : Jtag cable 'Digilent Basys3 210183794896A' is selected.
19:03:43 INFO  : 'jtag frequency' command is executed.
19:03:43 INFO  : 'targets -set -filter {jtag_cable_name =~ "Digilent Basys3 210183794896A" && level==0 && jtag_device_ctx=="jsn-Basys3-210183794896A-0362d093-0"}' command is executed.
19:03:44 INFO  : Device configured successfully with "C:/Users/gavwa/Desktop/Project/Mb_tst/_ide/bitstream/MB_wrapper.bit"
19:03:44 INFO  : Context for processor 'microblaze_0' is selected.
19:03:44 INFO  : Hardware design and registers information is loaded from 'C:/Users/gavwa/Desktop/Project/MB_wrapper/export/MB_wrapper/hw/MB_wrapper.xsa'.
19:03:44 INFO  : 'configparams mdm-detect-bscan-mask 2' command is executed.
19:03:44 INFO  : Context for processor 'microblaze_0' is selected.
19:03:44 INFO  : System reset is completed.
19:03:47 INFO  : 'after 3000' command is executed.
19:03:47 INFO  : Context for processor 'microblaze_0' is selected.
19:03:47 INFO  : The application 'C:/Users/gavwa/Desktop/Project/Mb_tst/Debug/Mb_tst.elf' is downloaded to processor 'microblaze_0'.
19:03:47 INFO  : ----------------XSDB Script----------------
connect -url tcp:127.0.0.1:3121
targets -set -filter {jtag_cable_name =~ "Digilent Basys3 210183794896A" && level==0 && jtag_device_ctx=="jsn-Basys3-210183794896A-0362d093-0"}
fpga -file C:/Users/gavwa/Desktop/Project/Mb_tst/_ide/bitstream/MB_wrapper.bit
targets -set -nocase -filter {name =~ "*microblaze*#0" && bscan=="USER2" }
loadhw -hw C:/Users/gavwa/Desktop/Project/MB_wrapper/export/MB_wrapper/hw/MB_wrapper.xsa -regs
configparams mdm-detect-bscan-mask 2
targets -set -nocase -filter {name =~ "*microblaze*#0" && bscan=="USER2" }
rst -system
after 3000
targets -set -nocase -filter {name =~ "*microblaze*#0" && bscan=="USER2" }
dow C:/Users/gavwa/Desktop/Project/Mb_tst/Debug/Mb_tst.elf
----------------End of Script----------------

19:03:47 INFO  : Context for processor 'microblaze_0' is selected.
19:03:47 INFO  : 'con' command is executed.
19:03:47 INFO  : ----------------XSDB Script (After Launch)----------------
targets -set -nocase -filter {name =~ "*microblaze*#0" && bscan=="USER2" }
con
----------------End of Script----------------

19:03:47 INFO  : Launch script is exported to file 'C:\Users\gavwa\Desktop\Project\Mb_tst_system\_ide\scripts\debugger_mb_tst-default.tcl'
19:09:06 INFO  : Checking for BSP changes to sync application flags for project 'Mb_tst'...
19:10:26 INFO  : Disconnected from the channel tcfchan#8.
19:10:28 INFO  : Connected to target on host '127.0.0.1' and port '3121'.
19:10:28 INFO  : Jtag cable 'Digilent Basys3 210183794896A' is selected.
19:10:28 INFO  : 'jtag frequency' command is executed.
19:10:28 INFO  : 'targets -set -filter {jtag_cable_name =~ "Digilent Basys3 210183794896A" && level==0 && jtag_device_ctx=="jsn-Basys3-210183794896A-0362d093-0"}' command is executed.
19:10:29 INFO  : Device configured successfully with "C:/Users/gavwa/Desktop/Project/Mb_tst/_ide/bitstream/MB_wrapper.bit"
19:10:30 INFO  : Context for processor 'microblaze_0' is selected.
19:10:30 INFO  : Hardware design and registers information is loaded from 'C:/Users/gavwa/Desktop/Project/MB_wrapper/export/MB_wrapper/hw/MB_wrapper.xsa'.
19:10:30 INFO  : 'configparams mdm-detect-bscan-mask 2' command is executed.
19:10:30 INFO  : Context for processor 'microblaze_0' is selected.
19:10:30 INFO  : System reset is completed.
19:10:33 INFO  : 'after 3000' command is executed.
19:10:33 INFO  : ----------------XSDB Script----------------
connect -url tcp:127.0.0.1:3121
targets -set -filter {jtag_cable_name =~ "Digilent Basys3 210183794896A" && level==0 && jtag_device_ctx=="jsn-Basys3-210183794896A-0362d093-0"}
fpga -file C:/Users/gavwa/Desktop/Project/Mb_tst/_ide/bitstream/MB_wrapper.bit
targets -set -nocase -filter {name =~ "*microblaze*#0" && bscan=="USER2" }
loadhw -hw C:/Users/gavwa/Desktop/Project/MB_wrapper/export/MB_wrapper/hw/MB_wrapper.xsa -regs
configparams mdm-detect-bscan-mask 2
targets -set -nocase -filter {name =~ "*microblaze*#0" && bscan=="USER2" }
rst -system
after 3000
----------------End of Script----------------

19:10:33 INFO  : Launch script is exported to file 'C:\Users\gavwa\Desktop\Project\Mb_tst_system\_ide\scripts\debugger_mb_tst-default.tcl'
19:11:59 INFO  : Checking for BSP changes to sync application flags for project 'Mb_tst'...
19:12:10 INFO  : Disconnected from the channel tcfchan#9.
21:07:14 DEBUG : Logs will be stored at 'C:/Users/gavwa/Desktop/Project/IDE.log'.
21:07:14 INFO  : Launching XSCT server: xsct.bat -n  -interactive C:\Users\gavwa\Desktop\Project\temp_xsdb_launch_script.tcl
21:07:14 ERROR : (XSDB Server)'\gnu\microblaze\lin\bin\' is not recognized as an internal or external command,
operable program or batch file.

21:07:14 ERROR : (XSDB Server)'\gnu\microblaze\nt\bin\' is not recognized as an internal or external command,
operable program or batch file.
'\gnuwin\bin\' is not recognized as an internal or external command,
operable program or batch file.

21:07:16 INFO  : XSCT server has started successfully.
21:07:16 INFO  : Successfully done setting XSCT server connection channel  
21:07:16 INFO  : plnx-install-location is set to ''
21:07:16 INFO  : Successfully done setting workspace for the tool. 
21:07:20 INFO  : Registering command handlers for Vitis TCF services
21:07:20 INFO  : Platform repository initialization has completed.
21:07:20 INFO  : Successfully done query RDI_DATADIR 
21:16:52 INFO  : Checking for BSP changes to sync application flags for project 'Mb_tst'...
21:17:02 INFO  : Connected to target on host '127.0.0.1' and port '3121'.
21:17:05 INFO  : Jtag cable 'Digilent Basys3 210183794896A' is selected.
21:17:05 INFO  : 'jtag frequency' command is executed.
21:17:06 INFO  : 'targets -set -filter {jtag_cable_name =~ "Digilent Basys3 210183794896A" && level==0 && jtag_device_ctx=="jsn-Basys3-210183794896A-0362d093-0"}' command is executed.
21:17:08 INFO  : Device configured successfully with "C:/Users/gavwa/Desktop/Project/Mb_tst/_ide/bitstream/MB_wrapper.bit"
21:17:09 INFO  : Context for processor 'microblaze_0' is selected.
21:17:09 INFO  : Hardware design and registers information is loaded from 'C:/Users/gavwa/Desktop/Project/MB_wrapper/export/MB_wrapper/hw/MB_wrapper.xsa'.
21:17:09 INFO  : 'configparams mdm-detect-bscan-mask 2' command is executed.
21:17:10 INFO  : Context for processor 'microblaze_0' is selected.
21:17:10 INFO  : System reset is completed.
21:17:13 INFO  : 'after 3000' command is executed.
21:17:14 INFO  : Context for processor 'microblaze_0' is selected.
21:17:14 INFO  : The application 'C:/Users/gavwa/Desktop/Project/Mb_tst/Debug/Mb_tst.elf' is downloaded to processor 'microblaze_0'.
21:17:14 INFO  : ----------------XSDB Script----------------
connect -url tcp:127.0.0.1:3121
targets -set -filter {jtag_cable_name =~ "Digilent Basys3 210183794896A" && level==0 && jtag_device_ctx=="jsn-Basys3-210183794896A-0362d093-0"}
fpga -file C:/Users/gavwa/Desktop/Project/Mb_tst/_ide/bitstream/MB_wrapper.bit
targets -set -nocase -filter {name =~ "*microblaze*#0" && bscan=="USER2" }
loadhw -hw C:/Users/gavwa/Desktop/Project/MB_wrapper/export/MB_wrapper/hw/MB_wrapper.xsa -regs
configparams mdm-detect-bscan-mask 2
targets -set -nocase -filter {name =~ "*microblaze*#0" && bscan=="USER2" }
rst -system
after 3000
targets -set -nocase -filter {name =~ "*microblaze*#0" && bscan=="USER2" }
dow C:/Users/gavwa/Desktop/Project/Mb_tst/Debug/Mb_tst.elf
----------------End of Script----------------

21:17:14 INFO  : Context for processor 'microblaze_0' is selected.
21:17:14 INFO  : 'con' command is executed.
21:17:14 INFO  : ----------------XSDB Script (After Launch)----------------
targets -set -nocase -filter {name =~ "*microblaze*#0" && bscan=="USER2" }
con
----------------End of Script----------------

21:17:14 INFO  : Launch script is exported to file 'C:\Users\gavwa\Desktop\Project\Mb_tst_system\_ide\scripts\debugger_mb_tst-default.tcl'
21:18:29 INFO  : Checking for BSP changes to sync application flags for project 'Mb_tst'...
21:19:08 INFO  : Checking for BSP changes to sync application flags for project 'Mb_tst'...
21:19:16 INFO  : Checking for BSP changes to sync application flags for project 'Mb_tst'...
21:19:26 INFO  : Checking for BSP changes to sync application flags for project 'Mb_tst'...
21:21:17 INFO  : Checking for BSP changes to sync application flags for project 'Mb_tst'...
21:21:42 INFO  : Checking for BSP changes to sync application flags for project 'Mb_tst'...
21:23:06 INFO  : Checking for BSP changes to sync application flags for project 'Mb_tst'...
21:23:40 INFO  : Checking for BSP changes to sync application flags for project 'Mb_tst'...
21:23:45 INFO  : Checking for BSP changes to sync application flags for project 'Mb_tst'...
21:23:49 INFO  : Disconnected from the channel tcfchan#1.
21:23:50 INFO  : Connected to target on host '127.0.0.1' and port '3121'.
21:23:59 INFO  : ----------------XSDB Script----------------
connect -url tcp:127.0.0.1:3121
----------------End of Script----------------

21:23:59 ERROR : Could not find FPGA device on the board for connection 'Local'.


Troubleshooting hints:
1. Check whether board is connected to system properly.
2. In case of zynq board, check whether Digilent/Xilinx cable switch settings are correct.
3. If you are using Xilinx Platform Cable USB, ensure that status LED is green.
21:24:45 INFO  : Connected to target on host '127.0.0.1' and port '3121'.
21:24:45 INFO  : Jtag cable 'Digilent Basys3 210183794896A' is selected.
21:24:45 INFO  : 'jtag frequency' command is executed.
21:24:45 INFO  : 'targets -set -filter {jtag_cable_name =~ "Digilent Basys3 210183794896A" && level==0 && jtag_device_ctx=="jsn-Basys3-210183794896A-0362d093-0"}' command is executed.
21:24:46 INFO  : Device configured successfully with "C:/Users/gavwa/Desktop/Project/Mb_tst/_ide/bitstream/MB_wrapper.bit"
21:24:46 INFO  : Context for processor 'microblaze_0' is selected.
21:24:46 INFO  : Hardware design and registers information is loaded from 'C:/Users/gavwa/Desktop/Project/MB_wrapper/export/MB_wrapper/hw/MB_wrapper.xsa'.
21:24:46 INFO  : 'configparams mdm-detect-bscan-mask 2' command is executed.
21:24:46 INFO  : Context for processor 'microblaze_0' is selected.
21:24:46 INFO  : System reset is completed.
21:24:49 INFO  : 'after 3000' command is executed.
21:24:49 INFO  : Context for processor 'microblaze_0' is selected.
21:24:49 INFO  : The application 'C:/Users/gavwa/Desktop/Project/Mb_tst/Debug/Mb_tst.elf' is downloaded to processor 'microblaze_0'.
21:24:49 INFO  : ----------------XSDB Script----------------
connect -url tcp:127.0.0.1:3121
targets -set -filter {jtag_cable_name =~ "Digilent Basys3 210183794896A" && level==0 && jtag_device_ctx=="jsn-Basys3-210183794896A-0362d093-0"}
fpga -file C:/Users/gavwa/Desktop/Project/Mb_tst/_ide/bitstream/MB_wrapper.bit
targets -set -nocase -filter {name =~ "*microblaze*#0" && bscan=="USER2" }
loadhw -hw C:/Users/gavwa/Desktop/Project/MB_wrapper/export/MB_wrapper/hw/MB_wrapper.xsa -regs
configparams mdm-detect-bscan-mask 2
targets -set -nocase -filter {name =~ "*microblaze*#0" && bscan=="USER2" }
rst -system
after 3000
targets -set -nocase -filter {name =~ "*microblaze*#0" && bscan=="USER2" }
dow C:/Users/gavwa/Desktop/Project/Mb_tst/Debug/Mb_tst.elf
----------------End of Script----------------

21:24:49 INFO  : Context for processor 'microblaze_0' is selected.
21:24:49 INFO  : 'con' command is executed.
21:24:49 INFO  : ----------------XSDB Script (After Launch)----------------
targets -set -nocase -filter {name =~ "*microblaze*#0" && bscan=="USER2" }
con
----------------End of Script----------------

21:24:49 INFO  : Launch script is exported to file 'C:\Users\gavwa\Desktop\Project\Mb_tst_system\_ide\scripts\debugger_mb_tst-default.tcl'
21:26:26 INFO  : Checking for BSP changes to sync application flags for project 'Mb_tst'...
21:26:48 INFO  : Disconnected from the channel tcfchan#2.
21:26:49 INFO  : Connected to target on host '127.0.0.1' and port '3121'.
21:26:49 INFO  : Jtag cable 'Digilent Basys3 210183794896A' is selected.
21:26:49 INFO  : 'jtag frequency' command is executed.
21:26:49 INFO  : 'targets -set -filter {jtag_cable_name =~ "Digilent Basys3 210183794896A" && level==0 && jtag_device_ctx=="jsn-Basys3-210183794896A-0362d093-0"}' command is executed.
21:26:50 INFO  : Device configured successfully with "C:/Users/gavwa/Desktop/Project/Mb_tst/_ide/bitstream/MB_wrapper.bit"
21:26:50 INFO  : Context for processor 'microblaze_0' is selected.
21:26:51 INFO  : Hardware design and registers information is loaded from 'C:/Users/gavwa/Desktop/Project/MB_wrapper/export/MB_wrapper/hw/MB_wrapper.xsa'.
21:26:51 INFO  : 'configparams mdm-detect-bscan-mask 2' command is executed.
21:26:51 INFO  : Context for processor 'microblaze_0' is selected.
21:26:51 INFO  : System reset is completed.
21:26:54 INFO  : 'after 3000' command is executed.
21:26:54 INFO  : Context for processor 'microblaze_0' is selected.
21:26:54 INFO  : The application 'C:/Users/gavwa/Desktop/Project/Mb_tst/Debug/Mb_tst.elf' is downloaded to processor 'microblaze_0'.
21:26:54 INFO  : ----------------XSDB Script----------------
connect -url tcp:127.0.0.1:3121
targets -set -filter {jtag_cable_name =~ "Digilent Basys3 210183794896A" && level==0 && jtag_device_ctx=="jsn-Basys3-210183794896A-0362d093-0"}
fpga -file C:/Users/gavwa/Desktop/Project/Mb_tst/_ide/bitstream/MB_wrapper.bit
targets -set -nocase -filter {name =~ "*microblaze*#0" && bscan=="USER2" }
loadhw -hw C:/Users/gavwa/Desktop/Project/MB_wrapper/export/MB_wrapper/hw/MB_wrapper.xsa -regs
configparams mdm-detect-bscan-mask 2
targets -set -nocase -filter {name =~ "*microblaze*#0" && bscan=="USER2" }
rst -system
after 3000
targets -set -nocase -filter {name =~ "*microblaze*#0" && bscan=="USER2" }
dow C:/Users/gavwa/Desktop/Project/Mb_tst/Debug/Mb_tst.elf
----------------End of Script----------------

21:26:54 INFO  : Context for processor 'microblaze_0' is selected.
21:26:54 INFO  : 'con' command is executed.
21:26:54 INFO  : ----------------XSDB Script (After Launch)----------------
targets -set -nocase -filter {name =~ "*microblaze*#0" && bscan=="USER2" }
con
----------------End of Script----------------

21:26:54 INFO  : Launch script is exported to file 'C:\Users\gavwa\Desktop\Project\Mb_tst_system\_ide\scripts\debugger_mb_tst-default.tcl'
21:28:31 INFO  : Checking for BSP changes to sync application flags for project 'Mb_tst'...
21:28:55 INFO  : Checking for BSP changes to sync application flags for project 'Mb_tst'...
21:29:05 INFO  : Checking for BSP changes to sync application flags for project 'Mb_tst'...
21:29:15 INFO  : Checking for BSP changes to sync application flags for project 'Mb_tst'...
21:29:20 INFO  : Disconnected from the channel tcfchan#3.
21:29:21 INFO  : Connected to target on host '127.0.0.1' and port '3121'.
21:29:22 INFO  : Jtag cable 'Digilent Basys3 210183794896A' is selected.
21:29:22 INFO  : 'jtag frequency' command is executed.
21:29:22 INFO  : 'targets -set -filter {jtag_cable_name =~ "Digilent Basys3 210183794896A" && level==0 && jtag_device_ctx=="jsn-Basys3-210183794896A-0362d093-0"}' command is executed.
21:29:23 INFO  : Device configured successfully with "C:/Users/gavwa/Desktop/Project/Mb_tst/_ide/bitstream/MB_wrapper.bit"
21:29:23 INFO  : Context for processor 'microblaze_0' is selected.
21:29:23 INFO  : Hardware design and registers information is loaded from 'C:/Users/gavwa/Desktop/Project/MB_wrapper/export/MB_wrapper/hw/MB_wrapper.xsa'.
21:29:23 INFO  : 'configparams mdm-detect-bscan-mask 2' command is executed.
21:29:23 INFO  : Context for processor 'microblaze_0' is selected.
21:29:23 INFO  : System reset is completed.
21:29:26 INFO  : 'after 3000' command is executed.
21:29:26 INFO  : Context for processor 'microblaze_0' is selected.
21:29:26 INFO  : The application 'C:/Users/gavwa/Desktop/Project/Mb_tst/Debug/Mb_tst.elf' is downloaded to processor 'microblaze_0'.
21:29:26 INFO  : ----------------XSDB Script----------------
connect -url tcp:127.0.0.1:3121
targets -set -filter {jtag_cable_name =~ "Digilent Basys3 210183794896A" && level==0 && jtag_device_ctx=="jsn-Basys3-210183794896A-0362d093-0"}
fpga -file C:/Users/gavwa/Desktop/Project/Mb_tst/_ide/bitstream/MB_wrapper.bit
targets -set -nocase -filter {name =~ "*microblaze*#0" && bscan=="USER2" }
loadhw -hw C:/Users/gavwa/Desktop/Project/MB_wrapper/export/MB_wrapper/hw/MB_wrapper.xsa -regs
configparams mdm-detect-bscan-mask 2
targets -set -nocase -filter {name =~ "*microblaze*#0" && bscan=="USER2" }
rst -system
after 3000
targets -set -nocase -filter {name =~ "*microblaze*#0" && bscan=="USER2" }
dow C:/Users/gavwa/Desktop/Project/Mb_tst/Debug/Mb_tst.elf
----------------End of Script----------------

21:29:26 INFO  : Context for processor 'microblaze_0' is selected.
21:29:26 INFO  : 'con' command is executed.
21:29:26 INFO  : ----------------XSDB Script (After Launch)----------------
targets -set -nocase -filter {name =~ "*microblaze*#0" && bscan=="USER2" }
con
----------------End of Script----------------

21:29:26 INFO  : Launch script is exported to file 'C:\Users\gavwa\Desktop\Project\Mb_tst_system\_ide\scripts\debugger_mb_tst-default.tcl'
